Image size: 1824x2736
Padded image size: 1824x2736
Kernel Execution Time: 34.955135 ms
CPU execution time: 9.47372 ms
GPU execution time: 37.8339 ms
Percentage difference: 0 %
Image size: 1824x2736
Padded image size: 1824x2736
Kernel Execution Time: 35.428162 ms
CPU execution time: 24.0966 ms
GPU execution time: 37.659 ms
Percentage difference: 0 %
Image size: 1824x2736
Padded image size: 1824x2736
Kernel Execution Time: 34.679615 ms
CPU execution time: 23.0185 ms
GPU execution time: 36.8855 ms
Percentage difference: 0 %
Image size: 1824x2736
Padded image size: 1824x2736
Kernel Execution Time: 34.721024 ms
CPU execution time: 13.7275 ms
GPU execution time: 36.9246 ms
Percentage difference: 0 %
Image size: 1824x2736
Padded image size: 1824x2736
Kernel Execution Time: 34.561054 ms
CPU execution time: 29.8455 ms
GPU execution time: 37.3494 ms
Percentage difference: 0 %
Image size: 1824x2736
Padded image size: 1824x2736
Kernel Execution Time: 34.964001 ms
CPU execution time: 72.7929 ms
GPU execution time: 37.1761 ms
Percentage difference: 0 %
Image size: 1824x2736
Padded image size: 1824x2736
Kernel Execution Time: 34.629345 ms
CPU execution time: 34.9135 ms
GPU execution time: 37.408 ms
Percentage difference: 0 %
Image size: 1824x2736
Padded image size: 1824x2736
Kernel Execution Time: 37.464066 ms
CPU execution time: 58.929 ms
GPU execution time: 40.5422 ms
Percentage difference: 0 %
Image size: 1824x2736
Padded image size: 1824x2736
Kernel Execution Time: 34.546463 ms
CPU execution time: 9.17606 ms
GPU execution time: 36.7056 ms
Percentage difference: 0 %
Image size: 1824x2736
Padded image size: 1824x2736
Kernel Execution Time: 34.617889 ms
CPU execution time: 13.5905 ms
GPU execution time: 36.8084 ms
Percentage difference: 0 %
